Mon Jun 04 2018 12:47:37 GMT-0400 (EDT): GET /
Mon Jun 04 2018 13:07:29 GMT-0400 (EDT): GET /
Mon Jun 04 2018 13:08:08 GMT-0400 (EDT): GET /
Mon Jun 04 2018 13:14:33 GMT-0400 (EDT): GET /tester
Mon Jun 04 2018 13:14:33 GMT-0400 (EDT): GET /favicon.ico
Mon Jun 04 2018 13:15:16 GMT-0400 (EDT): GET /
Mon Jun 04 2018 13:15:43 GMT-0400 (EDT): GET /tester
Mon Jun 04 2018 13:17:37 GMT-0400 (EDT): GET /tester
Mon Jun 04 2018 13:19:17 GMT-0400 (EDT): GET /tester
Mon Jun 04 2018 13:32:17 GMT-0400 (EDT): GET /tester
Mon Jun 04 2018 13:32:18 GMT-0400 (EDT): GET /favicon.ico
Mon Jun 04 2018 13:32:20 GMT-0400 (EDT): GET /tester
Mon Jun 04 2018 13:32:31 GMT-0400 (EDT): GET /data
Mon Jun 04 2018 13:33:52 GMT-0400 (EDT): GET /
Mon Jun 04 2018 13:34:01 GMT-0400 (EDT): GET /
Mon Jun 04 2018 13:34:21 GMT-0400 (EDT): GET /
Mon Jun 04 2018 13:35:10 GMT-0400 (EDT): GET /tester
Mon Jun 04 2018 13:35:15 GMT-0400 (EDT): GET /
Mon Jun 04 2018 13:35:24 GMT-0400 (EDT): GET /data
Mon Jun 04 2018 13:35:24 GMT-0400 (EDT): GET /public/js/scripts.js
Mon Jun 04 2018 13:35:25 GMT-0400 (EDT): GET /public/js/scripts.js
Mon Jun 04 2018 13:41:55 GMT-0400 (EDT): GET /data
Mon Jun 04 2018 13:41:55 GMT-0400 (EDT): GET /public/js/scripts.js
Mon Jun 04 2018 13:41:55 GMT-0400 (EDT): GET /public/js/scripts.js
Mon Jun 04 2018 19:03:29 GMT-0400 (EDT): GET /data
Mon Jun 04 2018 19:03:29 GMT-0400 (EDT): GET /public/js/scripts.js
Mon Jun 04 2018 19:03:29 GMT-0400 (EDT): GET /public/js/scripts.js
Mon Jun 04 2018 19:03:36 GMT-0400 (EDT): GET /data
Mon Jun 04 2018 19:03:36 GMT-0400 (EDT): GET /public/js/scripts.js
Mon Jun 04 2018 19:03:36 GMT-0400 (EDT): GET /public/js/scripts.js
Mon Jun 04 2018 19:03:38 GMT-0400 (EDT): GET /data
Mon Jun 04 2018 19:03:39 GMT-0400 (EDT): GET /public/js/scripts.js
Mon Jun 04 2018 19:03:39 GMT-0400 (EDT): GET /public/js/scripts.js
Mon Jun 04 2018 20:39:10 GMT-0400 (EDT): GET /data
Mon Jun 04 2018 20:39:10 GMT-0400 (EDT): GET /public/js/scripts.js
Mon Jun 04 2018 20:39:10 GMT-0400 (EDT): GET /public/js/scripts.js
Mon Jun 04 2018 20:39:14 GMT-0400 (EDT): GET /data
Mon Jun 04 2018 20:39:14 GMT-0400 (EDT): GET /public/js/scripts.js
Mon Jun 04 2018 20:39:14 GMT-0400 (EDT): GET /public/js/scripts.js
Mon Jun 04 2018 20:39:24 GMT-0400 (EDT): GET /data
Mon Jun 04 2018 20:39:24 GMT-0400 (EDT): GET /public/js/scripts.js
Mon Jun 04 2018 20:39:24 GMT-0400 (EDT): GET /public/js/scripts.js
Mon Jun 04 2018 20:39:26 GMT-0400 (EDT): GET /data
Mon Jun 04 2018 20:39:26 GMT-0400 (EDT): GET /public/js/scripts.js
Mon Jun 04 2018 20:39:26 GMT-0400 (EDT): GET /public/js/scripts.js
Mon Jun 04 2018 20:41:25 GMT-0400 (EDT): GET /data
Mon Jun 04 2018 20:41:25 GMT-0400 (EDT): GET /public/js/scripts.js
Mon Jun 04 2018 20:41:25 GMT-0400 (EDT): GET /public/js/scripts.js
Mon Jun 04 2018 20:41:27 GMT-0400 (EDT): GET /data
Mon Jun 04 2018 20:41:27 GMT-0400 (EDT): GET /public/js/scripts.js
Mon Jun 04 2018 20:41:27 GMT-0400 (EDT): GET /public/js/scripts.js
Mon Jun 04 2018 20:41:30 GMT-0400 (EDT): GET /purchase
Mon Jun 04 2018 20:42:33 GMT-0400 (EDT): GET /data
Mon Jun 04 2018 20:42:33 GMT-0400 (EDT): GET /public/js/scripts.js
Mon Jun 04 2018 20:42:33 GMT-0400 (EDT): GET /public/js/scripts.js
Mon Jun 04 2018 20:42:37 GMT-0400 (EDT): GET /data
Mon Jun 04 2018 20:42:37 GMT-0400 (EDT): GET /public/js/scripts.js
Mon Jun 04 2018 20:42:37 GMT-0400 (EDT): GET /public/js/scripts.js
Mon Jun 04 2018 20:42:53 GMT-0400 (EDT): GET /data
Mon Jun 04 2018 20:42:53 GMT-0400 (EDT): GET /public/js/scripts.js
Mon Jun 04 2018 20:42:53 GMT-0400 (EDT): GET /public/js/scripts.js
Mon Jun 04 2018 20:42:57 GMT-0400 (EDT): GET /data
Mon Jun 04 2018 20:42:57 GMT-0400 (EDT): GET /public/js/scripts.js
Mon Jun 04 2018 20:42:57 GMT-0400 (EDT): GET /public/js/scripts.js
Mon Jun 04 2018 23:22:27 GMT-0400 (EDT): GET /data
Mon Jun 04 2018 23:22:27 GMT-0400 (EDT): GET /public/js/scripts.js
Mon Jun 04 2018 23:22:27 GMT-0400 (EDT): GET /public/js/scripts.js
Mon Jun 04 2018 23:22:38 GMT-0400 (EDT): GET /purchase
Tue Jun 05 2018 10:14:44 GMT-0400 (EDT): GET /data
Tue Jun 05 2018 10:14:44 GMT-0400 (EDT): GET /public/js/scripts.js
Tue Jun 05 2018 10:14:44 GMT-0400 (EDT): GET /public/js/scripts.js
Tue Jun 05 2018 10:15:05 GMT-0400 (EDT): GET /data
Tue Jun 05 2018 10:15:05 GMT-0400 (EDT): GET /public/js/scripts.js
Tue Jun 05 2018 10:15:05 GMT-0400 (EDT): GET /public/js/scripts.js
Tue Jun 05 2018 10:17:24 GMT-0400 (EDT): GET /data
Tue Jun 05 2018 10:17:24 GMT-0400 (EDT): GET /public/js/scripts.js
Tue Jun 05 2018 10:17:24 GMT-0400 (EDT): GET /public/js/scripts.js
Tue Jun 05 2018 10:17:27 GMT-0400 (EDT): GET /data
Tue Jun 05 2018 10:17:27 GMT-0400 (EDT): GET /public/js/scripts.js
Tue Jun 05 2018 10:17:27 GMT-0400 (EDT): GET /public/js/scripts.js
Tue Jun 05 2018 10:18:14 GMT-0400 (EDT): GET /data
Tue Jun 05 2018 10:18:14 GMT-0400 (EDT): GET /public/js/scripts.js
Tue Jun 05 2018 10:18:14 GMT-0400 (EDT): GET /public/js/scripts.js
Tue Jun 05 2018 10:18:34 GMT-0400 (EDT): GET /data
Tue Jun 05 2018 10:18:34 GMT-0400 (EDT): GET /public/js/scripts.js
Tue Jun 05 2018 10:18:34 GMT-0400 (EDT): GET /public/js/scripts.js
Tue Jun 05 2018 10:18:44 GMT-0400 (EDT): GET /data
Tue Jun 05 2018 10:18:44 GMT-0400 (EDT): GET /public/js/scripts.js
Tue Jun 05 2018 10:18:44 GMT-0400 (EDT): GET /public/js/scripts.js
Tue Jun 05 2018 10:20:14 GMT-0400 (EDT): GET /data
Tue Jun 05 2018 10:20:14 GMT-0400 (EDT): GET /public/js/scripts.js
Tue Jun 05 2018 10:20:14 GMT-0400 (EDT): GET /public/js/scripts.js
Tue Jun 05 2018 10:20:18 GMT-0400 (EDT): GET /data
Tue Jun 05 2018 10:20:18 GMT-0400 (EDT): GET /public/js/scripts.js
Tue Jun 05 2018 10:20:18 GMT-0400 (EDT): GET /public/js/scripts.js
Tue Jun 05 2018 10:20:23 GMT-0400 (EDT): GET /data
Tue Jun 05 2018 10:20:23 GMT-0400 (EDT): GET /public/js/scripts.js
Tue Jun 05 2018 10:20:23 GMT-0400 (EDT): GET /public/js/scripts.js
Tue Jun 05 2018 10:20:25 GMT-0400 (EDT): GET /data
Tue Jun 05 2018 10:20:25 GMT-0400 (EDT): GET /public/js/scripts.js
Tue Jun 05 2018 10:20:25 GMT-0400 (EDT): GET /public/js/scripts.js
Tue Jun 05 2018 10:20:40 GMT-0400 (EDT): GET /data
Tue Jun 05 2018 10:20:40 GMT-0400 (EDT): GET /public/js/scripts.js
Tue Jun 05 2018 10:20:41 GMT-0400 (EDT): GET /public/js/scripts.js
Tue Jun 05 2018 10:20:43 GMT-0400 (EDT): GET /data
Tue Jun 05 2018 10:20:43 GMT-0400 (EDT): GET /public/js/scripts.js
Tue Jun 05 2018 10:20:43 GMT-0400 (EDT): GET /public/js/scripts.js
Tue Jun 05 2018 10:43:21 GMT-0400 (EDT): GET /data
Tue Jun 05 2018 10:43:21 GMT-0400 (EDT): GET /public/js/scripts.js
Tue Jun 05 2018 10:43:21 GMT-0400 (EDT): GET /public/js/scripts.js
Tue Jun 05 2018 10:43:55 GMT-0400 (EDT): GET /data
Tue Jun 05 2018 10:43:55 GMT-0400 (EDT): GET /public/js/scripts.js
Tue Jun 05 2018 10:43:55 GMT-0400 (EDT): GET /public/js/scripts.js
Tue Jun 05 2018 10:50:37 GMT-0400 (EDT): GET /jaguar
Tue Jun 05 2018 10:50:49 GMT-0400 (EDT): GET /Jaguar
Tue Jun 05 2018 10:52:23 GMT-0400 (EDT): GET /Jaguar
Tue Jun 05 2018 10:52:23 GMT-0400 (EDT): GET /public/js/scripts.js
Tue Jun 05 2018 10:52:23 GMT-0400 (EDT): GET /public/js/scripts.js
Tue Jun 05 2018 10:54:38 GMT-0400 (EDT): GET /Jaguar
Tue Jun 05 2018 10:54:38 GMT-0400 (EDT): GET /public/js/scripts.js
Tue Jun 05 2018 10:54:38 GMT-0400 (EDT): GET /public/js/scripts.js
Tue Jun 05 2018 10:54:41 GMT-0400 (EDT): GET /Jaguar
Tue Jun 05 2018 10:54:41 GMT-0400 (EDT): GET /public/js/scripts.js
Tue Jun 05 2018 10:54:41 GMT-0400 (EDT): GET /public/js/scripts.js
Tue Jun 05 2018 10:54:44 GMT-0400 (EDT): GET /Lambo
Tue Jun 05 2018 10:54:44 GMT-0400 (EDT): GET /public/js/scripts.js
Tue Jun 05 2018 10:54:44 GMT-0400 (EDT): GET /public/js/scripts.js
Tue Jun 05 2018 10:54:50 GMT-0400 (EDT): GET /Ferrari
Tue Jun 05 2018 10:54:50 GMT-0400 (EDT): GET /public/js/scripts.js
Tue Jun 05 2018 10:54:50 GMT-0400 (EDT): GET /public/js/scripts.js
Tue Jun 05 2018 10:54:52 GMT-0400 (EDT): GET /Jaguar
Tue Jun 05 2018 10:54:52 GMT-0400 (EDT): GET /public/js/scripts.js
Tue Jun 05 2018 10:54:52 GMT-0400 (EDT): GET /public/js/scripts.js
Tue Jun 05 2018 10:54:57 GMT-0400 (EDT): GET /Jaguar
Tue Jun 05 2018 10:54:57 GMT-0400 (EDT): GET /public/js/scripts.js
Tue Jun 05 2018 10:54:58 GMT-0400 (EDT): GET /public/js/scripts.js
Tue Jun 05 2018 10:54:59 GMT-0400 (EDT): GET /Lambo
Tue Jun 05 2018 10:54:59 GMT-0400 (EDT): GET /public/js/scripts.js
Tue Jun 05 2018 10:54:59 GMT-0400 (EDT): GET /public/js/scripts.js
Tue Jun 05 2018 10:55:03 GMT-0400 (EDT): GET /Ferrari
Tue Jun 05 2018 10:55:03 GMT-0400 (EDT): GET /public/js/scripts.js
Tue Jun 05 2018 10:55:03 GMT-0400 (EDT): GET /public/js/scripts.js
Tue Jun 05 2018 11:01:05 GMT-0400 (EDT): GET /Lambo
Tue Jun 05 2018 11:01:05 GMT-0400 (EDT): GET /public/js/scripts.js
Tue Jun 05 2018 11:01:05 GMT-0400 (EDT): GET /public/js/scripts.js
Tue Jun 05 2018 11:01:11 GMT-0400 (EDT): GET /Ferrari
Tue Jun 05 2018 11:01:11 GMT-0400 (EDT): GET /public/js/scripts.js
Tue Jun 05 2018 11:01:12 GMT-0400 (EDT): GET /public/js/scripts.js
Tue Jun 05 2018 11:04:57 GMT-0400 (EDT): GET /
Tue Jun 05 2018 11:05:23 GMT-0400 (EDT): GET /
Tue Jun 05 2018 11:05:41 GMT-0400 (EDT): GET /Ferrari
Tue Jun 05 2018 11:05:41 GMT-0400 (EDT): GET /public/js/scripts.js
Tue Jun 05 2018 11:05:41 GMT-0400 (EDT): GET /public/js/scripts.js
Tue Jun 05 2018 11:05:42 GMT-0400 (EDT): GET /
Tue Jun 05 2018 11:05:47 GMT-0400 (EDT): GET /Lambo
Tue Jun 05 2018 11:05:47 GMT-0400 (EDT): GET /public/js/scripts.js
Tue Jun 05 2018 11:05:48 GMT-0400 (EDT): GET /public/js/scripts.js
Tue Jun 05 2018 11:05:50 GMT-0400 (EDT): GET /Ferrari
Tue Jun 05 2018 11:05:50 GMT-0400 (EDT): GET /public/js/scripts.js
Tue Jun 05 2018 11:05:50 GMT-0400 (EDT): GET /public/js/scripts.js
Tue Jun 05 2018 11:05:51 GMT-0400 (EDT): GET /
Tue Jun 05 2018 11:06:01 GMT-0400 (EDT): GET /Lambo
Tue Jun 05 2018 11:06:01 GMT-0400 (EDT): GET /public/js/scripts.js
Tue Jun 05 2018 11:06:01 GMT-0400 (EDT): GET /public/js/scripts.js
Tue Jun 05 2018 11:06:03 GMT-0400 (EDT): GET /
Tue Jun 05 2018 11:06:18 GMT-0400 (EDT): GET /
Tue Jun 05 2018 11:06:30 GMT-0400 (EDT): GET /
Tue Jun 05 2018 11:10:34 GMT-0400 (EDT): GET /Lambo
Tue Jun 05 2018 11:10:35 GMT-0400 (EDT): GET /public/js/scripts.js
Tue Jun 05 2018 11:10:35 GMT-0400 (EDT): GET /public/js/scripts.js
Tue Jun 05 2018 11:10:37 GMT-0400 (EDT): GET /Lambo
Tue Jun 05 2018 11:10:37 GMT-0400 (EDT): GET /public/js/scripts.js
Tue Jun 05 2018 11:10:37 GMT-0400 (EDT): GET /public/js/scripts.js
Tue Jun 05 2018 11:10:42 GMT-0400 (EDT): GET /Jaguar
Tue Jun 05 2018 11:10:42 GMT-0400 (EDT): GET /public/js/scripts.js
Tue Jun 05 2018 11:10:42 GMT-0400 (EDT): GET /public/js/scripts.js
Tue Jun 05 2018 11:24:29 GMT-0400 (EDT): GET /
Tue Jun 05 2018 11:24:46 GMT-0400 (EDT): POST /register
Tue Jun 05 2018 13:19:54 GMT-0400 (EDT): GET /print
Tue Jun 05 2018 13:40:15 GMT-0400 (EDT): GET /customer
Tue Jun 05 2018 13:40:21 GMT-0400 (EDT): GET /Customer
Tue Jun 05 2018 13:40:49 GMT-0400 (EDT): GET /Customer
Tue Jun 05 2018 13:44:16 GMT-0400 (EDT): GET /customer
Tue Jun 05 2018 13:44:36 GMT-0400 (EDT): GET /customer
Tue Jun 05 2018 13:45:41 GMT-0400 (EDT): GET /customer
Tue Jun 05 2018 13:45:41 GMT-0400 (EDT): GET /customer
Tue Jun 05 2018 13:54:59 GMT-0400 (EDT): GET /customer
Wed Jun 06 2018 11:17:57 GMT-0400 (EDT): GET /
Wed Jun 06 2018 11:18:24 GMT-0400 (EDT): GET /all
Wed Jun 06 2018 11:18:31 GMT-0400 (EDT): GET /
Wed Jun 06 2018 11:19:44 GMT-0400 (EDT): POST /register
Wed Jun 06 2018 11:21:16 GMT-0400 (EDT): POST /register
Wed Jun 06 2018 11:21:19 GMT-0400 (EDT): POST /register
Wed Jun 06 2018 11:22:47 GMT-0400 (EDT): POST /register
Wed Jun 06 2018 11:28:48 GMT-0400 (EDT): GET /products
Wed Jun 06 2018 11:28:52 GMT-0400 (EDT): GET /
Wed Jun 06 2018 11:33:48 GMT-0400 (EDT): GET /
Wed Jun 06 2018 11:35:52 GMT-0400 (EDT): GET /
Wed Jun 06 2018 11:37:17 GMT-0400 (EDT): POST /register
Wed Jun 06 2018 11:39:48 GMT-0400 (EDT): GET /register
Wed Jun 06 2018 11:42:06 GMT-0400 (EDT): GET /register
Wed Jun 06 2018 11:42:22 GMT-0400 (EDT): GET /register
Wed Jun 06 2018 11:42:51 GMT-0400 (EDT): GET /register
Wed Jun 06 2018 11:44:27 GMT-0400 (EDT): GET /
Wed Jun 06 2018 11:44:33 GMT-0400 (EDT): GET /data
Wed Jun 06 2018 11:44:33 GMT-0400 (EDT): GET /2-lambo-miura-ac-167.jpg
Wed Jun 06 2018 11:44:34 GMT-0400 (EDT): GET /3-ferrari-250-gto-swba2.jpg
Wed Jun 06 2018 11:44:34 GMT-0400 (EDT): GET /5-porsche-911-1963-ac-459.jpg
Wed Jun 06 2018 11:44:34 GMT-0400 (EDT): GET /public/js/scripts.js
Wed Jun 06 2018 11:44:34 GMT-0400 (EDT): GET /public/js/scripts.js
Wed Jun 06 2018 11:46:58 GMT-0400 (EDT): GET /purchase
Wed Jun 06 2018 12:03:44 GMT-0400 (EDT): GET /data
Wed Jun 06 2018 12:03:44 GMT-0400 (EDT): GET /public/js/scripts.js
Wed Jun 06 2018 12:03:44 GMT-0400 (EDT): GET /2-lambo-miura-ac-167.jpg
Wed Jun 06 2018 12:03:44 GMT-0400 (EDT): GET /3-ferrari-250-gto-swba2.jpg
Wed Jun 06 2018 12:03:44 GMT-0400 (EDT): GET /5-porsche-911-1963-ac-459.jpg
Wed Jun 06 2018 12:03:45 GMT-0400 (EDT): GET /public/js/scripts.js
Wed Jun 06 2018 12:03:59 GMT-0400 (EDT): GET /products
Wed Jun 06 2018 12:04:08 GMT-0400 (EDT): GET /data
Wed Jun 06 2018 12:04:08 GMT-0400 (EDT): GET /2-lambo-miura-ac-167.jpg
Wed Jun 06 2018 12:04:08 GMT-0400 (EDT): GET /3-ferrari-250-gto-swba2.jpg
Wed Jun 06 2018 12:04:08 GMT-0400 (EDT): GET /5-porsche-911-1963-ac-459.jpg
Wed Jun 06 2018 12:04:08 GMT-0400 (EDT): GET /public/js/scripts.js
Wed Jun 06 2018 12:04:08 GMT-0400 (EDT): GET /public/js/scripts.js
Wed Jun 06 2018 12:04:17 GMT-0400 (EDT): GET /products/jaguar
Wed Jun 06 2018 12:04:49 GMT-0400 (EDT): GET /products/jaguar
Wed Jun 06 2018 12:06:46 GMT-0400 (EDT): GET /products/jaguar
Wed Jun 06 2018 12:09:06 GMT-0400 (EDT): GET /products/jaguar
Wed Jun 06 2018 12:09:13 GMT-0400 (EDT): GET /products/jaguar
Wed Jun 06 2018 12:10:37 GMT-0400 (EDT): GET /data
Wed Jun 06 2018 12:10:37 GMT-0400 (EDT): GET /public/js/scripts.js
Wed Jun 06 2018 12:10:38 GMT-0400 (EDT): GET /2-lambo-miura-ac-167.jpg
Wed Jun 06 2018 12:10:38 GMT-0400 (EDT): GET /3-ferrari-250-gto-swba2.jpg
Wed Jun 06 2018 12:10:38 GMT-0400 (EDT): GET /5-porsche-911-1963-ac-459.jpg
Wed Jun 06 2018 12:10:38 GMT-0400 (EDT): GET /public/js/scripts.js
Wed Jun 06 2018 12:10:40 GMT-0400 (EDT): GET /products/jaguar
Wed Jun 06 2018 12:12:08 GMT-0400 (EDT): GET /products/jaguar
Wed Jun 06 2018 12:13:27 GMT-0400 (EDT): GET /data
Wed Jun 06 2018 12:13:27 GMT-0400 (EDT): GET /2-lambo-miura-ac-167.jpg
Wed Jun 06 2018 12:13:27 GMT-0400 (EDT): GET /3-ferrari-250-gto-swba2.jpg
Wed Jun 06 2018 12:13:27 GMT-0400 (EDT): GET /5-porsche-911-1963-ac-459.jpg
Wed Jun 06 2018 12:13:27 GMT-0400 (EDT): GET /public/js/scripts.js
Wed Jun 06 2018 12:13:28 GMT-0400 (EDT): GET /public/js/scripts.js
Wed Jun 06 2018 12:13:31 GMT-0400 (EDT): GET /products/jaguar
Wed Jun 06 2018 12:13:31 GMT-0400 (EDT): GET /products/public/js/scripts.js
Wed Jun 06 2018 12:13:31 GMT-0400 (EDT): GET /products/public/js/scripts.js
Wed Jun 06 2018 12:15:14 GMT-0400 (EDT): GET /data
Wed Jun 06 2018 12:15:14 GMT-0400 (EDT): GET /2-lambo-miura-ac-167.jpg
Wed Jun 06 2018 12:15:14 GMT-0400 (EDT): GET /3-ferrari-250-gto-swba2.jpg
Wed Jun 06 2018 12:15:14 GMT-0400 (EDT): GET /5-porsche-911-1963-ac-459.jpg
Wed Jun 06 2018 12:15:18 GMT-0400 (EDT): GET /products/jaguar
Wed Jun 06 2018 12:15:29 GMT-0400 (EDT): GET /products/jaguar
Wed Jun 06 2018 12:16:39 GMT-0400 (EDT): GET /data
Wed Jun 06 2018 12:16:40 GMT-0400 (EDT): GET /2-lambo-miura-ac-167.jpg
Wed Jun 06 2018 12:16:40 GMT-0400 (EDT): GET /3-ferrari-250-gto-swba2.jpg
Wed Jun 06 2018 12:16:40 GMT-0400 (EDT): GET /5-porsche-911-1963-ac-459.jpg
Wed Jun 06 2018 12:16:43 GMT-0400 (EDT): GET /products/jaguar
Wed Jun 06 2018 12:16:43 GMT-0400 (EDT): GET /products/1-jaguar-e-type-0849.jpg
Wed Jun 06 2018 13:45:16 GMT-0400 (EDT): GET /products/products/lambo
Wed Jun 06 2018 13:52:02 GMT-0400 (EDT): GET /products/jaguar
Wed Jun 06 2018 13:52:02 GMT-0400 (EDT): GET /products/1-jaguar-e-type-0849.jpg
Wed Jun 06 2018 14:17:31 GMT-0400 (EDT): GET /
Wed Jun 06 2018 14:17:38 GMT-0400 (EDT): GET /data
Wed Jun 06 2018 14:17:38 GMT-0400 (EDT): GET /2-lambo-miura-ac-167.jpg
Wed Jun 06 2018 14:17:38 GMT-0400 (EDT): GET /3-ferrari-250-gto-swba2.jpg
Wed Jun 06 2018 14:17:38 GMT-0400 (EDT): GET /5-porsche-911-1963-ac-459.jpg
Wed Jun 06 2018 14:17:41 GMT-0400 (EDT): GET /products/groceries
Wed Jun 06 2018 14:17:45 GMT-0400 (EDT): GET /products/products/toys
Wed Jun 06 2018 14:17:50 GMT-0400 (EDT): GET /products/products/jaguar
Wed Jun 06 2018 14:17:56 GMT-0400 (EDT): GET /products/products/groceries
Wed Jun 06 2018 14:18:09 GMT-0400 (EDT): GET /products/groceries
Wed Jun 06 2018 14:18:11 GMT-0400 (EDT): GET /products/products/jaguar
Wed Jun 06 2018 14:18:20 GMT-0400 (EDT): GET /products/products/jaguar
Wed Jun 06 2018 14:18:26 GMT-0400 (EDT): GET /products/jaguar
Wed Jun 06 2018 14:18:26 GMT-0400 (EDT): GET /products/1-jaguar-e-type-0849.jpg
Wed Jun 06 2018 14:18:29 GMT-0400 (EDT): GET /all
Wed Jun 06 2018 14:18:35 GMT-0400 (EDT): GET /products/groceries
Wed Jun 06 2018 14:18:38 GMT-0400 (EDT): GET /products/products/jaguar
Thu Jun 07 2018 10:02:12 GMT-0400 (EDT): GET /products/groceries
Thu Jun 07 2018 10:02:16 GMT-0400 (EDT): GET /
Thu Jun 07 2018 10:02:31 GMT-0400 (EDT): GET /
Thu Jun 07 2018 10:04:20 GMT-0400 (EDT): GET /
Thu Jun 07 2018 10:04:37 GMT-0400 (EDT): GET /data
Thu Jun 07 2018 10:04:51 GMT-0400 (EDT): GET /
Thu Jun 07 2018 10:06:39 GMT-0400 (EDT): GET /data
Thu Jun 07 2018 10:06:43 GMT-0400 (EDT): GET /
Thu Jun 07 2018 10:07:30 GMT-0400 (EDT): GET /Jaguar
Thu Jun 07 2018 10:07:34 GMT-0400 (EDT): GET /Ferrari
Thu Jun 07 2018 10:07:46 GMT-0400 (EDT): GET /
Thu Jun 07 2018 10:07:52 GMT-0400 (EDT): GET /groceries
Thu Jun 07 2018 10:07:55 GMT-0400 (EDT): GET /toys
Thu Jun 07 2018 10:08:28 GMT-0400 (EDT): GET /motorcars
Thu Jun 07 2018 10:12:41 GMT-0400 (EDT): GET /manager
Thu Jun 07 2018 10:36:17 GMT-0400 (EDT): GET /
Thu Jun 07 2018 10:53:32 GMT-0400 (EDT): GET /
Thu Jun 07 2018 10:53:59 GMT-0400 (EDT): GET /users
Thu Jun 07 2018 10:57:10 GMT-0400 (EDT): GET /users
Thu Jun 07 2018 10:57:26 GMT-0400 (EDT): GET /
Thu Jun 07 2018 10:57:28 GMT-0400 (EDT): GET /users
Thu Jun 07 2018 10:58:23 GMT-0400 (EDT): GET /users
Thu Jun 07 2018 10:58:29 GMT-0400 (EDT): GET /users
Thu Jun 07 2018 11:01:04 GMT-0400 (EDT): GET /users
Thu Jun 07 2018 11:05:55 GMT-0400 (EDT): GET /users
Thu Jun 07 2018 11:05:58 GMT-0400 (EDT): GET /
Thu Jun 07 2018 11:06:02 GMT-0400 (EDT): GET /users
Thu Jun 07 2018 11:08:44 GMT-0400 (EDT): GET /users
Thu Jun 07 2018 11:10:06 GMT-0400 (EDT): GET /users
Thu Jun 07 2018 11:12:49 GMT-0400 (EDT): GET /users
Thu Jun 07 2018 11:13:14 GMT-0400 (EDT): GET /users
Thu Jun 07 2018 11:13:41 GMT-0400 (EDT): GET /users
Thu Jun 07 2018 11:13:53 GMT-0400 (EDT): GET /users
Thu Jun 07 2018 15:57:56 GMT-0400 (EDT): GET /users
Thu Jun 07 2018 15:58:33 GMT-0400 (EDT): GET /users
Thu Jun 07 2018 15:59:20 GMT-0400 (EDT): GET /users
Thu Jun 07 2018 15:59:57 GMT-0400 (EDT): GET /users
Thu Jun 07 2018 16:02:43 GMT-0400 (EDT): GET /users
Thu Jun 07 2018 16:04:28 GMT-0400 (EDT): GET /users
Thu Jun 07 2018 16:04:28 GMT-0400 (EDT): GET /public/default-person.jpg
Thu Jun 07 2018 16:05:26 GMT-0400 (EDT): GET /users
Thu Jun 07 2018 16:05:28 GMT-0400 (EDT): GET /users
Thu Jun 07 2018 16:05:36 GMT-0400 (EDT): GET /users
Thu Jun 07 2018 16:05:36 GMT-0400 (EDT): GET /public/default-person.jpg
Thu Jun 07 2018 16:05:38 GMT-0400 (EDT): GET /users
Thu Jun 07 2018 16:05:38 GMT-0400 (EDT): GET /public/default-person.jpg
Thu Jun 07 2018 16:05:49 GMT-0400 (EDT): GET /users
Thu Jun 07 2018 16:05:49 GMT-0400 (EDT): GET /public/default-person.jpg
Thu Jun 07 2018 16:05:57 GMT-0400 (EDT): GET /users
Thu Jun 07 2018 16:06:01 GMT-0400 (EDT): GET /users
Thu Jun 07 2018 16:06:32 GMT-0400 (EDT): GET /users
Thu Jun 07 2018 16:06:32 GMT-0400 (EDT): GET /public/default-person.jpg
Thu Jun 07 2018 16:06:39 GMT-0400 (EDT): GET /users
Thu Jun 07 2018 16:06:39 GMT-0400 (EDT): GET /public/default-person.jpg
Thu Jun 07 2018 16:06:41 GMT-0400 (EDT): GET /users
Thu Jun 07 2018 16:06:41 GMT-0400 (EDT): GET /public/default-person.jpg
Thu Jun 07 2018 16:06:47 GMT-0400 (EDT): GET /users
Thu Jun 07 2018 16:06:47 GMT-0400 (EDT): GET /public/default-person.jpg
Thu Jun 07 2018 16:06:50 GMT-0400 (EDT): GET /users
Thu Jun 07 2018 16:06:50 GMT-0400 (EDT): GET /public/default-person.jpg
Thu Jun 07 2018 16:06:55 GMT-0400 (EDT): GET /users
Thu Jun 07 2018 16:06:57 GMT-0400 (EDT): GET /users
Thu Jun 07 2018 16:07:17 GMT-0400 (EDT): GET /users
Thu Jun 07 2018 16:07:17 GMT-0400 (EDT): GET /public/default-person.jpg
Thu Jun 07 2018 16:07:19 GMT-0400 (EDT): GET /users
Thu Jun 07 2018 16:07:19 GMT-0400 (EDT): GET /public/default-person.jpg
Thu Jun 07 2018 16:07:35 GMT-0400 (EDT): GET /users
Thu Jun 07 2018 16:07:35 GMT-0400 (EDT): GET /public/default-person.jpg
Thu Jun 07 2018 16:07:39 GMT-0400 (EDT): GET /
Thu Jun 07 2018 16:07:41 GMT-0400 (EDT): GET /users
Thu Jun 07 2018 16:07:41 GMT-0400 (EDT): GET /public/default-person.jpg
Thu Jun 07 2018 16:07:45 GMT-0400 (EDT): GET /manager
Thu Jun 07 2018 16:07:50 GMT-0400 (EDT): GET /add
Thu Jun 07 2018 16:07:54 GMT-0400 (EDT): GET /users
Thu Jun 07 2018 16:07:54 GMT-0400 (EDT): GET /public/default-person.jpg
Thu Jun 07 2018 16:09:23 GMT-0400 (EDT): GET /users
Thu Jun 07 2018 16:12:44 GMT-0400 (EDT): GET /users
Thu Jun 07 2018 16:12:49 GMT-0400 (EDT): GET /users
Thu Jun 07 2018 16:12:55 GMT-0400 (EDT): GET /manager
Thu Jun 07 2018 16:13:00 GMT-0400 (EDT): GET /add
Thu Jun 07 2018 16:13:02 GMT-0400 (EDT): GET /users
Thu Jun 07 2018 16:13:03 GMT-0400 (EDT): GET /
Thu Jun 07 2018 16:13:17 GMT-0400 (EDT): GET /users
Thu Jun 07 2018 16:16:25 GMT-0400 (EDT): GET /
